<?xml version="1.0" encoding="UTF-8" ?>
<testsuite tests="1" failures="0" name="com.zuplae.vendas.AppTest" time="0.003" errors="0" skipped="0">
  <properties>
    <property name="java.runtime.name" value="Java(TM) SE Runtime Environment"/>
    <property name="java.vm.version" value="16.0.2+7-67"/>
    <property name="sun.boot.library.path" value="C:\Program Files\Java\jdk-16.0.2\bin"/>
    <property name="maven.multiModuleProjectDirectory" value="C:\Users\mdg\eclipse-workspace\vendas"/>
    <property name="java.vm.vendor" value="Oracle Corporation"/>
    <property name="java.vendor.url" value="https://java.oracle.com/"/>
    <property name="guice.disable.misplaced.annotation.check" value="true"/>
    <property name="path.separator" value=";"/>
    <property name="java.vm.name" value="Java HotSpot(TM) 64-Bit Server VM"/>
    <property name="sun.os.patch.level" value=""/>
    <property name="user.script" value=""/>
    <property name="user.country" value="BR"/>
    <property name="sun.java.launcher" value="SUN_STANDARD"/>
    <property name="java.vm.specification.name" value="Java Virtual Machine Specification"/>
    <property name="user.dir" value="C:\Users\mdg\eclipse-workspace\vendas"/>
    <property name="java.vm.compressedOopsMode" value="32-bit"/>
    <property name="java.runtime.version" value="16.0.2+7-67"/>
    <property name="os.arch" value="amd64"/>
    <property name="java.io.tmpdir" value="C:\Users\mdg\AppData\Local\Temp\"/>
    <property name="line.separator" value="
"/>
    <property name="java.vm.specification.vendor" value="Oracle Corporation"/>
    <property name="user.variant" value=""/>
    <property name="os.name" value="Windows 10"/>
    <property name="classworlds.conf" value="C:\Users\mdg\eclipse-workspace\.metadata\.plugins\org.eclipse.m2e.launching\launches\m2conf10490669143039921747.tmp"/>
    <property name="sun.jnu.encoding" value="Cp1252"/>
    <property name="java.library.path" value="C:\Program Files\Java\jdk-16.0.2\bin;C:\Windows\Sun\Java\bin;C:\Windows\system32;C:\Windows;C:\Program Files\Common Files\Oracle\Java\javapath;C:\Windows\system32;C:\Windows;C:\Windows\System32\Wbem;C:\Windows\System32\WindowsPowerShell\v1.0\;C:\Windows\System32\OpenSSH\;C:\maven\bin;C:\Program Files\Git\cmd;C:\Users\mdg\AppData\Local\Microsoft\WindowsApps;C:\maven\bin;;C:\Users\mdg\AppData\Local\Programs\Microsoft VS Code\bin;."/>
    <property name="jdk.debug" value="release"/>
    <property name="java.class.version" value="60.0"/>
    <property name="java.specification.name" value="Java Platform API Specification"/>
    <property name="sun.management.compiler" value="HotSpot 64-Bit Tiered Compilers"/>
    <property name="os.version" value="10.0"/>
    <property name="user.home" value="C:\Users\mdg"/>
    <property name="user.timezone" value="America/Sao_Paulo"/>
    <property name="file.encoding" value="Cp1252"/>
    <property name="java.specification.version" value="16"/>
    <property name="user.name" value="mdg"/>
    <property name="java.class.path" value="C:\Users\mdg\.p2\pool\plugins\org.eclipse.m2e.maven.runtime_1.18.0.20210618-2246\jars\plexus-classworlds-2.6.0.jar"/>
    <property name="java.vm.specification.version" value="16"/>
    <property name="sun.arch.data.model" value="64"/>
    <property name="sun.java.command" value="org.codehaus.plexus.classworlds.launcher.Launcher -B install"/>
    <property name="java.home" value="C:\Program Files\Java\jdk-16.0.2"/>
    <property name="user.language" value="pt"/>
    <property name="java.specification.vendor" value="Oracle Corporation"/>
    <property name="java.vm.info" value="mixed mode, sharing"/>
    <property name="java.version" value="16.0.2"/>
    <property name="java.vendor" value="Oracle Corporation"/>
    <property name="maven.home" value="C:\Users\mdg\eclipse-workspace\vendas\EMBEDDED"/>
    <property name="file.separator" value="\"/>
    <property name="java.version.date" value="2021-07-20"/>
    <property name="java.vendor.url.bug" value="https://bugreport.java.com/bugreport/"/>
    <property name="sun.io.unicode.encoding" value="UnicodeLittle"/>
    <property name="sun.cpu.endian" value="little"/>
    <property name="sun.cpu.isalist" value="amd64"/>
  </properties>
  <testcase classname="com.zuplae.vendas.AppTest" name="testApp" time="0.003"/>
</testsuite>